2024-03-31 16:18:51,637 - ERROR - Código: -1, Mensaje: Ha ocurrido un error inesperado , Det_mensaje: Usuario.__init__() missing 1 required positional argument: 'password'
2024-03-31 16:19:14,738 - ERROR - Cod.: -1, Mensaje: Ha ocurrido un error inesperado , Det_mensaje: Usuario.__init__() missing 1 required positional argument: 'password'
2024-03-31 16:21:29,763 - ERROR - Cod.: -1, Mensaje: Ha ocurrido un error inesperado , Det_mensaje: Usuario.__init__() missing 1 required positional argument: 'password'
2024-03-31 16:24:44,002 - ERROR - Cod.: -1, Mensaje: Ha ocurrido un error inesperado , Det_mensaje: 'UsuarioRegistro' object has no attribute '_state'
2024-03-31 16:31:23,187 - ERROR - Cod.: -1, Mensaje: Ha ocurrido un error inesperado , Det_mensaje: Usuario.__init__() takes 5 positional arguments but 7 were given
2024-03-31 16:32:31,299 - ERROR - Cod.: -1, Mensaje: Ha ocurrido un error inesperado , Det_mensaje: Field 'id' expected a number but got <UsuarioRegistro: UsuarioRegistro object ()>.
2024-03-31 16:39:05,447 - ERROR - Cod.: -1, Mensaje: Ha ocurrido un error inesperado , Det_mensaje: Field 'cod_usuario' expected a number but got <UsuarioRegistro: UsuarioRegistro object ()>.
2024-03-31 16:39:23,361 - ERROR - Cod.: -1, Mensaje: Ha ocurrido un error inesperado , Det_mensaje: name 'null' is not defined
2024-03-31 16:39:57,676 - ERROR - Cod.: -1, Mensaje: Ha ocurrido un error inesperado , Det_mensaje: Field 'cod_usuario' expected a number but got <UsuarioRegistro: UsuarioRegistro object ()>.
2024-03-31 16:43:42,604 - ERROR - Cod.: -1, Mensaje: Ha ocurrido un error inesperado , Det_mensaje: 'UsuarioRegistro' object has no attribute '_state'
2024-03-31 16:46:35,231 - ERROR - Cod.: -1, Mensaje: Ha ocurrido un error inesperado , Det_mensaje: Field 'cod_usuario' expected a number but got <UsuarioRegistro: UsuarioRegistro object ()>.
2024-03-31 16:50:33,579 - ERROR - Cod.: -1, Mensaje: Ha ocurrido un error inesperado , Det_mensaje: Field 'cod_usuario' expected a number but got <UsuarioRegistro: UsuarioRegistro object (None)>.
2024-03-31 16:52:50,867 - ERROR - Cod.: -1, Mensaje: Ha ocurrido un error inesperado , Det_mensaje: el valor nulo en la columna «cod_usuario» de la relación «usuarios» viola la restricción de no nulo
DETAIL:  La fila que falla contiene (null, , , , , , null, null, 2024-03-31 20:52:50.824428, 2024-03-31 20:52:50.824428).

2024-03-31 16:53:21,531 - ERROR - Cod.: -1, Mensaje: Ha ocurrido un error inesperado , Det_mensaje: no existe la columna usuarios.id
LINE 1: ...s_usuario") VALUES ('', '', '', '', '') RETURNING "usuarios"...
                                                             ^

2024-03-31 16:53:58,287 - ERROR - Cod.: -1, Mensaje: Ha ocurrido un error inesperado , Det_mensaje: Field 'cod_usuario' expected a number but got ''.
2024-03-31 17:04:25,858 - ERROR - Cod.: -1, Mensaje: Ha ocurrido un error inesperado , Det_mensaje: Field 'id' expected a number but got 'Karpi'.
2024-03-31 17:08:01,735 - ERROR - Cod.: -1, Mensaje: Ha ocurrido un error inesperado , Det_mensaje: el valor nulo en la columna «cod_usuario» de la relación «usuarios» viola la restricción de no nulo
DETAIL:  La fila que falla contiene (null, Karpi, Brian Nicolas, Duré Aquino, durebrian01@gmail.com, fa5a02c9cc183b3ff1bfcd4c2243f85c, null, null, 2024-03-31 21:08:01.721397, 2024-03-31 21:08:01.721397).

2024-03-31 17:14:44,411 - ERROR - Cod.: -1, Mensaje: Ha ocurrido un error inesperado , Det_mensaje: no existe la columna usuarios.id
LINE 1: ...m', 'fa5a02c9cc183b3ff1bfcd4c2243f85c') RETURNING "usuarios"...
                                                             ^

2024-03-31 17:15:12,395 - ERROR - Cod.: -1, Mensaje: Ha ocurrido un error inesperado , Det_mensaje: el valor nulo en la columna «cod_usuario» de la relación «usuarios» viola la restricción de no nulo
DETAIL:  La fila que falla contiene (null, Karpi, Brian Nicolas, Duré Aquino, durebrian01@gmail.com, fa5a02c9cc183b3ff1bfcd4c2243f85c, null, null, 2024-03-31 21:15:12.39213, 2024-03-31 21:15:12.39213).

2024-03-31 17:25:16,569 - ERROR - Cod.: -1, Mensaje: Ha ocurrido un error inesperado , Det_mensaje: Field 'cod_usuario' expected a number but got 'Karpi'.
